lifeAssistants/build/outputs/logs/manifest-merger-debug-report.txt
-- Merging decision tree log ---
manifest
ADDED from src\main\AndroidManifest.xml:2:1-272:12
	package
		ADDED from src\main\AndroidManifest.xml:3:5-37
		INJECTED from src\main\AndroidManifest.xml
		INJECTED from src\main\AndroidManifest.xml
	android:versionName
		ADDED from src\main\AndroidManifest.xml:5:5-32
		INJECTED from src\main\AndroidManifest.xml
		INJECTED from src\main\AndroidManifest.xml
	android:versionCode
		ADDED from src\main\AndroidManifest.xml:4:5-28
		INJECTED from src\main\AndroidManifest.xml
		INJECTED from src\main\AndroidManifest.xml
	xmlns:android
		ADDED from src\main\AndroidManifest.xml:2:11-69
uses-sdk
ADDED from src\main\AndroidManifest.xml:7:5-9:41
MERGED from [LifeAssistants:share_sdk_library:unspecified] AndroidManifest.xml:7:5-9:41
MERGED from [com.android.support:appcompat-v7:22.2.0] AndroidManifest.xml:20:5-43
MERGED from [com.android.support:support-v4:22.2.0] AndroidManifest.xml:20:5-43
	android:targetSdkVersion
		ADDED from src\main\AndroidManifest.xml:9:9-38
		INJECTED from src\main\AndroidManifest.xml
		INJECTED from src\main\AndroidManifest.xml
	android:minSdkVersion
		ADDED from src\main\AndroidManifest.xml:8:9-35
		INJECTED from src\main\AndroidManifest.xml
		INJECTED from src\main\AndroidManifest.xml
uses-permission#android.permission.GET_TASKS
ADDED from src\main\AndroidManifest.xml:11:5-68
	android:name
		ADDED from src\main\AndroidManifest.xml:11:22-65
uses-permission#android.permission.INTERNET
ADDED from src\main\AndroidManifest.xml:12:5-67
	android:name
		ADDED from src\main\AndroidManifest.xml:12:22-64
uses-permission#android.permission.ACCESS_WIFI_STATE
ADDED from src\main\AndroidManifest.xml:13:5-76
	android:name
		ADDED from src\main\AndroidManifest.xml:13:22-73
uses-permission#android.permission.ACCESS_NETWORK_STATE
ADDED from src\main\AndroidManifest.xml:14:5-79
	android:name
		ADDED from src\main\AndroidManifest.xml:14:22-76
uses-permission#android.permission.CHANGE_WIFI_STATE
ADDED from src\main\AndroidManifest.xml:15:5-76
	android:name
		ADDED from src\main\AndroidManifest.xml:15:22-73
uses-permission#android.permission.WRITE_EXTERNAL_STORAGE
ADDED from src\main\AndroidManifest.xml:16:5-81
	android:name
		ADDED from src\main\AndroidManifest.xml:16:22-78
uses-permission#android.permission.READ_PHONE_STATE
ADDED from src\main\AndroidManifest.xml:17:5-75
	android:name
		ADDED from src\main\AndroidManifest.xml:17:22-72
uses-permission#android.permission.MANAGE_ACCOUNTS
ADDED from src\main\AndroidManifest.xml:18:5-74
	android:name
		ADDED from src\main\AndroidManifest.xml:18:22-71
uses-permission#android.permission.GET_ACCOUNTS
ADDED from src\main\AndroidManifest.xml:19:5-71
	android:name
		ADDED from src\main\AndroidManifest.xml:19:22-68
uses-permission#android.permission.READ_LOGS
ADDED from src\main\AndroidManifest.xml:20:5-68
	android:name
		ADDED from src\main\AndroidManifest.xml:20:22-65
permission#cn.bmob.permission.push
ADDED from src\main\AndroidManifest.xml:23:5-26:18
	android:protectionLevel
		ADDED from src\main\AndroidManifest.xml:25:9-41
	android:name
		ADDED from src\main\AndroidManifest.xml:24:9-47
uses-permission#cn.bmob.permission.push
ADDED from src\main\AndroidManifest.xml:28:5-63
	android:name
		ADDED from src\main\AndroidManifest.xml:28:22-60
uses-permission#android.permission.WAKE_LOCK
ADDED from src\main\AndroidManifest.xml:30:5-68
	android:name
		ADDED from src\main\AndroidManifest.xml:30:22-65
uses-permission#android.permission.RECEIVE_BOOT_COMPLETED
ADDED from src\main\AndroidManifest.xml:31:5-81
	android:name
		ADDED from src\main\AndroidManifest.xml:31:22-78
uses-permission#android.permission.VIBRATE
ADDED from src\main\AndroidManifest.xml:32:5-66
	android:name
		ADDED from src\main\AndroidManifest.xml:32:22-63
uses-permission#android.permission.RECEIVE_USER_PRESENT
ADDED from src\main\AndroidManifest.xml:33:5-79
	android:name
		ADDED from src\main\AndroidManifest.xml:33:22-76
application
ADDED from src\main\AndroidManifest.xml:35:5-270:19
MERGED from [LifeAssistants:share_sdk_library:unspecified] AndroidManifest.xml:11:5-12:19
MERGED from [com.android.support:appcompat-v7:22.2.0] AndroidManifest.xml:22:5-20
MERGED from [com.android.support:support-v4:22.2.0] AndroidManifest.xml:22:5-20
	android:label
		ADDED from src\main\AndroidManifest.xml:39:9-41
	android:allowBackup
		ADDED from src\main\AndroidManifest.xml:37:9-35
	android:icon
		ADDED from src\main\AndroidManifest.xml:38:9-45
	android:theme
		ADDED from src\main\AndroidManifest.xml:40:9-48
	android:name
		ADDED from src\main\AndroidManifest.xml:36:9-67
activity#cn.bmob.v3.update.UpdateDialogActivity
ADDED from src\main\AndroidManifest.xml:43:9-46:20
	android:theme
		ADDED from src\main\AndroidManifest.xml:45:13-72
	android:name
		ADDED from src\main\AndroidManifest.xml:44:13-66
activity#com.mob.tools.MobUIShell
ADDED from src\main\AndroidManifest.xml:48:9-60:20
	android:screenOrientation
		ADDED from src\main\AndroidManifest.xml:51:13-49
	android:windowSoftInputMode
		ADDED from src\main\AndroidManifest.xml:53:13-67
	android:configChanges
		ADDED from src\main\AndroidManifest.xml:50:13-74
	android:theme
		ADDED from src\main\AndroidManifest.xml:52:13-72
	android:name
		ADDED from src\main\AndroidManifest.xml:49:13-52
intent-filter#android.intent.action.VIEW+android.intent.category.BROWSABLE+android.intent.category.DEFAULT
ADDED from src\main\AndroidManifest.xml:54:13-59:29
action#android.intent.action.VIEW
ADDED from src\main\AndroidManifest.xml:55:17-69
	android:name
		ADDED from src\main\AndroidManifest.xml:55:25-66
category#android.intent.category.BROWSABLE
ADDED from src\main\AndroidManifest.xml:57:17-78
	android:name
		ADDED from src\main\AndroidManifest.xml:57:27-75
category#android.intent.category.DEFAULT
ADDED from src\main\AndroidManifest.xml:58:17-76
	android:name
		ADDED from src\main\AndroidManifest.xml:58:27-73
activity#com.tencent.tauth.AuthActivity
ADDED from src\main\AndroidManifest.xml:62:9-74:20
	android:launchMode
		ADDED from src\main\AndroidManifest.xml:64:13-44
	android:noHistory
		ADDED from src\main\AndroidManifest.xml:65:13-37
	android:name
		ADDED from src\main\AndroidManifest.xml:63:13-58
activity#com.tencent.connect.common.AssistActivity
ADDED from src\main\AndroidManifest.xml:75:9-79:20
	android:screenOrientation
		ADDED from src\main\AndroidManifest.xml:77:13-49
	android:theme
		ADDED from src\main\AndroidManifest.xml:78:13-72
	android:name
		ADDED from src\main\AndroidManifest.xml:76:13-69
activity#com.yzx.lifeassistants.wxapi.WXEntryActivity
ADDED from src\main\AndroidManifest.xml:82:9-87:75
	android:screenOrientation
		ADDED from src\main\AndroidManifest.xml:86:13-49
	android:exported
		ADDED from src\main\AndroidManifest.xml:85:13-36
	android:configChanges
		ADDED from src\main\AndroidManifest.xml:84:13-74
	android:theme
		ADDED from src\main\AndroidManifest.xml:87:13-72
	android:name
		ADDED from src\main\AndroidManifest.xml:83:13-50
meta-data#UMENG_APPKEY
ADDED from src\main\AndroidManifest.xml:89:9-92:21
	android:value
		ADDED from src\main\AndroidManifest.xml:91:13-53
	android:name
		ADDED from src\main\AndroidManifest.xml:90:13-40
activity#cn.sharesdk.sina.weibo.SinaActivity
ADDED from src\main\AndroidManifest.xml:105:9-113:20
	android:theme
		ADDED from src\main\AndroidManifest.xml:107:13-72
	android:name
		ADDED from src\main\AndroidManifest.xml:106:13-63
intent-filter#android.intent.category.DEFAULT+com.sina.weibo.sdk.action.ACTION_SDK_REQ_ACTIVITY
ADDED from src\main\AndroidManifest.xml:108:13-112:29
action#com.sina.weibo.sdk.action.ACTION_SDK_REQ_ACTIVITY
ADDED from src\main\AndroidManifest.xml:109:17-92
	android:name
		ADDED from src\main\AndroidManifest.xml:109:25-89
activity#com.yzx.lifeassistants.activity.WelcomActivity
ADDED from src\main\AndroidManifest.xml:116:9-125:20
	android:label
		ADDED from src\main\AndroidManifest.xml:118:13-45
	android:theme
		ADDED from src\main\AndroidManifest.xml:119:13-77
	android:name
		ADDED from src\main\AndroidManifest.xml:117:13-74
intent-filter#android.intent.action.MAIN+android.intent.category.LAUNCHER
ADDED from src\main\AndroidManifest.xml:120:13-124:29
action#android.intent.action.MAIN
ADDED from src\main\AndroidManifest.xml:121:17-69
	android:name
		ADDED from src\main\AndroidManifest.xml:121:25-66
category#android.intent.category.LAUNCHER
ADDED from src\main\AndroidManifest.xml:123:17-77
	android:name
		ADDED from src\main\AndroidManifest.xml:123:27-74
activity#com.yzx.lifeassistants.activity.MainActivity
ADDED from src\main\AndroidManifest.xml:126:9-131:20
	android:screenOrientation
		ADDED from src\main\AndroidManifest.xml:129:13-49
	android:label
		ADDED from src\main\AndroidManifest.xml:128:13-45
	android:name
		ADDED from src\main\AndroidManifest.xml:127:13-72
activity#com.yzx.lifeassistants.activity.LoginActivity
ADDED from src\main\AndroidManifest.xml:132:9-136:20
	android:screenOrientation
		ADDED from src\main\AndroidManifest.xml:135:13-49
	android:label
		ADDED from src\main\AndroidManifest.xml:134:13-45
	android:name
		ADDED from src\main\AndroidManifest.xml:133:13-73
activity#com.yzx.lifeassistants.activity.UserRegActivity
ADDED from src\main\AndroidManifest.xml:137:9-141:20
	android:screenOrientation
		ADDED from src\main\AndroidManifest.xml:140:13-49
	android:label
		ADDED from src\main\AndroidManifest.xml:139:13-45
	android:name
		ADDED from src\main\AndroidManifest.xml:138:13-75
activity#com.yzx.lifeassistants.activity.ForgetPwdActivity
ADDED from src\main\AndroidManifest.xml:142:9-146:20
	android:screenOrientation
		ADDED from src\main\AndroidManifest.xml:145:13-49
	android:label
		ADDED from src\main\AndroidManifest.xml:144:13-45
	android:name
		ADDED from src\main\AndroidManifest.xml:143:13-77
activity#com.yzx.lifeassistants.activity.LostAndFindActivity
ADDED from src\main\AndroidManifest.xml:147:9-152:20
	android:screenOrientation
		ADDED from src\main\AndroidManifest.xml:150:13-49
	android:label
		ADDED from src\main\AndroidManifest.xml:149:13-45
	android:windowSoftInputMode
		ADDED from src\main\AndroidManifest.xml:151:13-72
	android:name
		ADDED from src\main\AndroidManifest.xml:148:13-79
activity#com.yzx.lifeassistants.activity.ImagePagerActivity
ADDED from src\main\AndroidManifest.xml:153:9-157:20
	android:screenOrientation
		ADDED from src\main\AndroidManifest.xml:156:13-49
	android:label
		ADDED from src\main\AndroidManifest.xml:155:13-45
	android:name
		ADDED from src\main\AndroidManifest.xml:154:13-78
activity#com.yzx.lifeassistants.activity.BorrowAndLendActivity
ADDED from src\main\AndroidManifest.xml:158:9-162:20
	android:screenOrientation
		ADDED from src\main\AndroidManifest.xml:161:13-49
	android:label
		ADDED from src\main\AndroidManifest.xml:160:13-45
	android:name
		ADDED from src\main\AndroidManifest.xml:159:13-81
activity#com.yzx.lifeassistants.activity.ModifyPwdActivity
ADDED from src\main\AndroidManifest.xml:163:9-167:20
	android:screenOrientation
		ADDED from src\main\AndroidManifest.xml:166:13-49
	android:label
		ADDED from src\main\AndroidManifest.xml:165:13-45
	android:name
		ADDED from src\main\AndroidManifest.xml:164:13-77
activity#com.yzx.lifeassistants.activity.EditUserNickActivity
ADDED from src\main\AndroidManifest.xml:168:9-172:20
	android:screenOrientation
		ADDED from src\main\AndroidManifest.xml:171:13-49
	android:label
		ADDED from src\main\AndroidManifest.xml:170:13-45
	android:name
		ADDED from src\main\AndroidManifest.xml:169:13-80
activity#com.yzx.lifeassistants.activity.FeedbackActivity
ADDED from src\main\AndroidManifest.xml:173:9-177:20
	android:screenOrientation
		ADDED from src\main\AndroidManifest.xml:176:13-49
	android:label
		ADDED from src\main\AndroidManifest.xml:175:13-45
	android:name
		ADDED from src\main\AndroidManifest.xml:174:13-76
activity#com.yzx.lifeassistants.activity.AddSecondHandActivity
ADDED from src\main\AndroidManifest.xml:178:9-183:20
	android:screenOrientation
		ADDED from src\main\AndroidManifest.xml:181:13-49
	android:label
		ADDED from src\main\AndroidManifest.xml:180:13-45
	android:windowSoftInputMode
		ADDED from src\main\AndroidManifest.xml:182:13-72
	android:name
		ADDED from src\main\AndroidManifest.xml:179:13-81
activity#com.yzx.lifeassistants.activity.SecondHandDetailActivity
ADDED from src\main\AndroidManifest.xml:184:9-188:20
	android:screenOrientation
		ADDED from src\main\AndroidManifest.xml:187:13-49
	android:label
		ADDED from src\main\AndroidManifest.xml:186:13-45
	android:name
		ADDED from src\main\AndroidManifest.xml:185:13-84
activity#com.yzx.lifeassistants.activity.SecondHandClassifyActivity
ADDED from src\main\AndroidManifest.xml:189:9-193:20
	android:screenOrientation
		ADDED from src\main\AndroidManifest.xml:192:13-49
	android:label
		ADDED from src\main\AndroidManifest.xml:191:13-45
	android:name
		ADDED from src\main\AndroidManifest.xml:190:13-86
activity#com.yzx.lifeassistants.activity.SecondHandSearchActivity
ADDED from src\main\AndroidManifest.xml:194:9-198:20
	android:screenOrientation
		ADDED from src\main\AndroidManifest.xml:197:13-49
	android:label
		ADDED from src\main\AndroidManifest.xml:196:13-45
	android:name
		ADDED from src\main\AndroidManifest.xml:195:13-84
activity#com.yzx.lifeassistants.activity.SetAlimonyActivity
ADDED from src\main\AndroidManifest.xml:199:9-203:20
	android:screenOrientation
		ADDED from src\main\AndroidManifest.xml:202:13-49
	android:label
		ADDED from src\main\AndroidManifest.xml:201:13-45
	android:name
		ADDED from src\main\AndroidManifest.xml:200:13-78
activity#com.yzx.lifeassistants.activity.AddExpendActivity
ADDED from src\main\AndroidManifest.xml:204:9-209:20
	android:screenOrientation
		ADDED from src\main\AndroidManifest.xml:207:13-49
	android:label
		ADDED from src\main\AndroidManifest.xml:206:13-45
	android:windowSoftInputMode
		ADDED from src\main\AndroidManifest.xml:208:13-72
	android:name
		ADDED from src\main\AndroidManifest.xml:205:13-77
activity#com.yzx.lifeassistants.activity.ExpendPieAnalysisActivity
ADDED from src\main\AndroidManifest.xml:210:9-214:20
	android:screenOrientation
		ADDED from src\main\AndroidManifest.xml:213:13-49
	android:label
		ADDED from src\main\AndroidManifest.xml:212:13-45
	android:name
		ADDED from src\main\AndroidManifest.xml:211:13-85
activity#com.yzx.lifeassistants.activity.ExpendBarAnalysisActivity
ADDED from src\main\AndroidManifest.xml:215:9-220:20
	android:screenOrientation
		ADDED from src\main\AndroidManifest.xml:218:13-49
	android:label
		ADDED from src\main\AndroidManifest.xml:217:13-45
	android:windowSoftInputMode
		ADDED from src\main\AndroidManifest.xml:219:13-72
	android:name
		ADDED from src\main\AndroidManifest.xml:216:13-85
activity#com.yzx.lifeassistants.activity.ExpendYearActivity
ADDED from src\main\AndroidManifest.xml:221:9-225:20
	android:screenOrientation
		ADDED from src\main\AndroidManifest.xml:224:13-49
	android:label
		ADDED from src\main\AndroidManifest.xml:223:13-45
	android:name
		ADDED from src\main\AndroidManifest.xml:222:13-78
activity#com.yzx.lifeassistants.activity.ExpendMonthActivity
ADDED from src\main\AndroidManifest.xml:226:9-230:20
	android:screenOrientation
		ADDED from src\main\AndroidManifest.xml:229:13-49
	android:label
		ADDED from src\main\AndroidManifest.xml:228:13-45
	android:name
		ADDED from src\main\AndroidManifest.xml:227:13-79
activity#com.yzx.lifeassistants.activity.ExpendDateActivity
ADDED from src\main\AndroidManifest.xml:231:9-235:20
	android:screenOrientation
		ADDED from src\main\AndroidManifest.xml:234:13-49
	android:label
		ADDED from src\main\AndroidManifest.xml:233:13-45
	android:name
		ADDED from src\main\AndroidManifest.xml:232:13-78
activity#com.yzx.lifeassistants.activity.ExpendMonthAnalysisActivity
ADDED from src\main\AndroidManifest.xml:236:9-240:20
	android:screenOrientation
		ADDED from src\main\AndroidManifest.xml:239:13-49
	android:label
		ADDED from src\main\AndroidManifest.xml:238:13-45
	android:name
		ADDED from src\main\AndroidManifest.xml:237:13-87
service#cn.bmob.push.lib.service.PushService
ADDED from src\main\AndroidManifest.xml:242:9-251:19
	android:process
		ADDED from src\main\AndroidManifest.xml:247:13-43
	android:label
		ADDED from src\main\AndroidManifest.xml:245:13-40
	android:exported
		ADDED from src\main\AndroidManifest.xml:244:13-36
	android:permission
		ADDED from src\main\AndroidManifest.xml:246:13-57
	android:name
		ADDED from src\main\AndroidManifest.xml:243:13-64
intent-filter#cn.bmob.push.lib.service.PushService
ADDED from src\main\AndroidManifest.xml:248:13-250:29
action#cn.bmob.push.lib.service.PushService
ADDED from src\main\AndroidManifest.xml:249:17-79
	android:name
		ADDED from src\main\AndroidManifest.xml:249:25-76
receiver#cn.bmob.push.PushReceiver
ADDED from src\main\AndroidManifest.xml:253:9-262:20
	android:name
		ADDED from src\main\AndroidManifest.xml:253:19-59
intent-filter#android.intent.action.BOOT_COMPLETED+android.intent.action.USER_PRESENT+android.net.conn.CONNECTIVITY_CHANGE
ADDED from src\main\AndroidManifest.xml:254:13-261:29
	android:priority
		ADDED from src\main\AndroidManifest.xml:254:28-57
action#android.intent.action.BOOT_COMPLETED
ADDED from src\main\AndroidManifest.xml:256:17-79
	android:name
		ADDED from src\main\AndroidManifest.xml:256:25-76
action#android.intent.action.USER_PRESENT
ADDED from src\main\AndroidManifest.xml:258:17-77
	android:name
		ADDED from src\main\AndroidManifest.xml:258:25-74
action#android.net.conn.CONNECTIVITY_CHANGE
ADDED from src\main\AndroidManifest.xml:260:17-79
	android:name
		ADDED from src\main\AndroidManifest.xml:260:25-76
receiver#com.yzx.lifeassistants.receiver.MyPushMessageReceiver
ADDED from src\main\AndroidManifest.xml:265:9-269:20
	android:name
		ADDED from src\main\AndroidManifest.xml:265:19-87
intent-filter#cn.bmob.push.action.MESSAGE
ADDED from src\main\AndroidManifest.xml:266:13-268:29
action#cn.bmob.push.action.MESSAGE
ADDED from src\main\AndroidManifest.xml:267:17-70
	android:name
		ADDED from src\main\AndroidManifest.xml:267:25-67